<?xml version="1.0" encoding="UTF-8"?>
<!-- Generated by org.testng.reporters.JUnitReportReporter -->
<testsuite hostname="kuldeep-Travel" name="LearnTestNG.SampleTest" tests="1" failures="0" timestamp="4 Jan 2018 07:09:35 GMT" time="23.022" errors="0">
  <testcase name="verifyTitle" time="23.022" classname="LearnTestNG.SampleTest"/>
</testsuite> <!-- LearnTestNG.SampleTest -->
