<?xml version="1.0" encoding="UTF-8"?>
<!-- Generated by org.testng.reporters.JUnitReportReporter -->
<testsuite hostname="kuldeep-Travel" name="LearnTestNG.SampleTest2" tests="3" failures="0" timestamp="29 Dec 2017 06:20:53 GMT" time="0.034" errors="0">
  <testcase name="EnterPassword" time="0.027" classname="LearnTestNG.SampleTest2"/>
  <testcase name="HomePage" time="0.003" classname="LearnTestNG.SampleTest2"/>
  <testcase name="EnterUSerName" time="0.004" classname="LearnTestNG.SampleTest2"/>
</testsuite> <!-- LearnTestNG.SampleTest2 -->
